Traceback (most recent call last):
  File "/home/anhle/vinuni/week_03/Day12/day12_ha-tang-cloud_va_deployment/05-scaling-reliability/production/app.py", line 39, in <module>
    _redis.ping()
  File "/home/anhle/vinuni/week_03/Day12/day12_ha-tang-cloud_va_deployment/01-localhost-vs-production/develop/.venv/lib/python3.12/site-packages/redis/commands/core.py", line 1217, in ping
    return self.execute_command("PING", **kwargs)
           ^^^^^^^^^^^^^^^^^^^^^^^^^^^^^^^^^^^^^^
  File "/home/anhle/vinuni/week_03/Day12/day12_ha-tang-cloud_va_deployment/01-localhost-vs-production/develop/.venv/lib/python3.12/site-packages/redis/client.py", line 542, in execute_command
    conn = self.connection or pool.get_connection(command_name, **options)
                              ^^^^^^^^^^^^^^^^^^^^^^^^^^^^^^^^^^^^^^^^^^^^
  File "/home/anhle/vinuni/week_03/Day12/day12_ha-tang-cloud_va_deployment/01-localhost-vs-production/develop/.venv/lib/python3.12/site-packages/redis/connection.py", line 1109, in get_connection
    connection.connect()
  File "/home/anhle/vinuni/week_03/Day12/day12_ha-tang-cloud_va_deployment/01-localhost-vs-production/develop/.venv/lib/python3.12/site-packages/redis/connection.py", line 276, in connect
    sock = self.retry.call_with_retry(
           ^^^^^^^^^^^^^^^^^^^^^^^^^^^
  File "/home/anhle/vinuni/week_03/Day12/day12_ha-tang-cloud_va_deployment/01-localhost-vs-production/develop/.venv/lib/python3.12/site-packages/redis/retry.py", line 46, in call_with_retry
    return do()
           ^^^^
  File "/home/anhle/vinuni/week_03/Day12/day12_ha-tang-cloud_va_deployment/01-localhost-vs-production/develop/.venv/lib/python3.12/site-packages/redis/connection.py", line 277, in <lambda>
    lambda: self._connect(), lambda error: self.disconnect(error)
            ^^^^^^^^^^^^^^^
  File "/home/anhle/vinuni/week_03/Day12/day12_ha-tang-cloud_va_deployment/01-localhost-vs-production/develop/.venv/lib/python3.12/site-packages/redis/connection.py", line 627, in _connect
    sock.connect(socket_address)
KeyboardInterrupt
